INFO 2024-11-25 17:03:07,669 autoreload Watching for file changes with StatReloader
INFO 2024-11-25 17:03:14,640 decorators Vista 'admin_dashboard' accesada por Axel.
INFO 2024-11-25 17:03:14,662 basehttp "GET /inventariosTec/admin_dashboard/ HTTP/1.1" 200 6708
WARNING 2024-11-25 17:03:14,706 basehttp "GET /static/inventariosTec/js/bootstrap.bundle.min.js HTTP/1.1" 404 1937
INFO 2024-11-25 17:03:16,138 decorators Vista 'admin_dashboard' accesada por Axel.
INFO 2024-11-25 17:03:16,144 basehttp "GET /inventariosTec/admin_dashboard/ HTTP/1.1" 200 6708
WARNING 2024-11-25 17:03:16,167 basehttp "GET /static/inventariosTec/js/bootstrap.bundle.min.js HTTP/1.1" 404 1937
INFO 2024-11-25 17:03:17,264 decorators Vista 'admin_dashboard' accesada por Axel.
INFO 2024-11-25 17:03:17,271 basehttp "GET /inventariosTec/admin_dashboard/ HTTP/1.1" 200 6708
WARNING 2024-11-25 17:03:17,299 basehttp "GET /static/inventariosTec/js/bootstrap.bundle.min.js HTTP/1.1" 404 1937
INFO 2024-11-25 17:03:17,512 decorators Vista 'admin_dashboard' accesada por Axel.
INFO 2024-11-25 17:03:17,517 basehttp "GET /inventariosTec/admin_dashboard/ HTTP/1.1" 200 6708
WARNING 2024-11-25 17:03:17,547 basehttp "GET /static/inventariosTec/js/bootstrap.bundle.min.js HTTP/1.1" 404 1937
INFO 2024-11-25 17:03:17,898 decorators Vista 'admin_dashboard' accesada por Axel.
INFO 2024-11-25 17:03:17,902 basehttp "GET /inventariosTec/admin_dashboard/ HTTP/1.1" 200 6708
WARNING 2024-11-25 17:03:17,927 basehttp "GET /static/inventariosTec/js/bootstrap.bundle.min.js HTTP/1.1" 404 1937
INFO 2024-11-25 17:03:18,111 decorators Vista 'admin_dashboard' accesada por Axel.
INFO 2024-11-25 17:03:18,117 basehttp "GET /inventariosTec/admin_dashboard/ HTTP/1.1" 200 6708
WARNING 2024-11-25 17:03:18,141 basehttp "GET /static/inventariosTec/js/bootstrap.bundle.min.js HTTP/1.1" 404 1937
INFO 2024-11-25 17:03:18,331 decorators Vista 'admin_dashboard' accesada por Axel.
INFO 2024-11-25 17:03:18,335 basehttp "GET /inventariosTec/admin_dashboard/ HTTP/1.1" 200 6708
WARNING 2024-11-25 17:03:18,361 basehttp "GET /static/inventariosTec/js/bootstrap.bundle.min.js HTTP/1.1" 404 1937
INFO 2024-11-25 17:03:18,537 decorators Vista 'admin_dashboard' accesada por Axel.
INFO 2024-11-25 17:03:18,543 basehttp "GET /inventariosTec/admin_dashboard/ HTTP/1.1" 200 6708
WARNING 2024-11-25 17:03:18,569 basehttp "GET /static/inventariosTec/js/bootstrap.bundle.min.js HTTP/1.1" 404 1937
INFO 2024-11-25 17:03:19,500 decorators Vista 'admin_dashboard' accesada por Axel.
INFO 2024-11-25 17:03:19,505 basehttp "GET /inventariosTec/admin_dashboard/ HTTP/1.1" 200 6708
WARNING 2024-11-25 17:03:19,533 basehttp "GET /static/inventariosTec/js/bootstrap.bundle.min.js HTTP/1.1" 404 1937
INFO 2024-11-25 17:03:19,929 decorators Vista 'admin_dashboard' accesada por Axel.
INFO 2024-11-25 17:03:19,934 basehttp "GET /inventariosTec/admin_dashboard/ HTTP/1.1" 200 6708
WARNING 2024-11-25 17:03:19,957 basehttp "GET /static/inventariosTec/js/bootstrap.bundle.min.js HTTP/1.1" 404 1937
INFO 2024-11-25 17:03:20,185 decorators Vista 'admin_dashboard' accesada por Axel.
INFO 2024-11-25 17:03:20,190 basehttp "GET /inventariosTec/admin_dashboard/ HTTP/1.1" 200 6708
WARNING 2024-11-25 17:03:20,214 basehttp "GET /static/inventariosTec/js/bootstrap.bundle.min.js HTTP/1.1" 404 1937
INFO 2024-11-25 17:03:20,682 decorators Vista 'admin_dashboard' accesada por Axel.
INFO 2024-11-25 17:03:20,687 basehttp "GET /inventariosTec/admin_dashboard/ HTTP/1.1" 200 6708
WARNING 2024-11-25 17:03:20,709 basehttp "GET /static/inventariosTec/js/bootstrap.bundle.min.js HTTP/1.1" 404 1937
INFO 2024-11-25 17:03:20,920 decorators Vista 'admin_dashboard' accesada por Axel.
INFO 2024-11-25 17:03:20,925 basehttp "GET /inventariosTec/admin_dashboard/ HTTP/1.1" 200 6708
WARNING 2024-11-25 17:03:20,951 basehttp "GET /static/inventariosTec/js/bootstrap.bundle.min.js HTTP/1.1" 404 1937
INFO 2024-11-25 17:03:22,602 basehttp "POST /inventariosTec/logout/ HTTP/1.1" 302 0
INFO 2024-11-25 17:03:22,606 decorators Vista 'login_view' accesada por un usuario anónimo.
INFO 2024-11-25 17:03:22,610 basehttp "GET /inventariosTec/login/ HTTP/1.1" 200 4490
WARNING 2024-11-25 17:03:22,637 basehttp "GET /static/inventariosTec/js/bootstrap.bundle.min.js HTTP/1.1" 404 1937
INFO 2024-11-25 17:04:34,061 decorators Vista 'login_view' accesada por un usuario anónimo.
INFO 2024-11-25 17:04:35,246 basehttp "POST /inventariosTec/login/ HTTP/1.1" 302 0
INFO 2024-11-25 17:04:35,266 decorators Vista 'admin_dashboard' accesada por Axel.
INFO 2024-11-25 17:04:35,272 basehttp "GET /inventariosTec/admin_dashboard/ HTTP/1.1" 200 6708
WARNING 2024-11-25 17:04:35,310 basehttp "GET /static/inventariosTec/js/bootstrap.bundle.min.js HTTP/1.1" 404 1937
INFO 2024-11-25 17:05:47,812 decorators Vista 'gestionar_usuarios' accesada por Axel.
INFO 2024-11-25 17:05:47,840 basehttp "GET /inventariosTec/gestionar_usuarios/ HTTP/1.1" 200 14230
WARNING 2024-11-25 17:05:47,881 basehttp "GET /static/inventariosTec/js/bootstrap.bundle.min.js HTTP/1.1" 404 1937
INFO 2024-11-25 17:06:08,401 decorators Vista 'admin_dashboard' accesada por Axel.
INFO 2024-11-25 17:06:08,408 basehttp "GET /inventariosTec/admin_dashboard/ HTTP/1.1" 200 6708
WARNING 2024-11-25 17:06:08,436 basehttp "GET /static/inventariosTec/js/bootstrap.bundle.min.js HTTP/1.1" 404 1937
INFO 2024-11-25 17:06:11,023 decorators Vista 'lista_productos' accesada por Axel.
INFO 2024-11-25 17:06:11,038 basehttp "GET /inventariosTec/lista_productos/ HTTP/1.1" 200 6432
WARNING 2024-11-25 17:06:11,056 basehttp "GET /static/inventariosTec/js/bootstrap.bundle.min.js HTTP/1.1" 404 1937
INFO 2024-11-25 17:06:14,821 decorators Vista 'admin_dashboard' accesada por Axel.
INFO 2024-11-25 17:06:14,841 basehttp "GET /inventariosTec/admin_dashboard/ HTTP/1.1" 200 6708
WARNING 2024-11-25 17:06:14,869 basehttp "GET /static/inventariosTec/js/bootstrap.bundle.min.js HTTP/1.1" 404 1937
INFO 2024-11-25 17:06:16,060 decorators Vista 'gestionar_producto' accesada por Axel.
INFO 2024-11-25 17:06:16,097 basehttp "GET /inventariosTec/gestionar_producto/ HTTP/1.1" 200 12390
WARNING 2024-11-25 17:06:16,128 basehttp "GET /static/inventariosTec/js/bootstrap.bundle.min.js HTTP/1.1" 404 1937
INFO 2024-11-25 17:06:17,157 decorators Vista 'admin_dashboard' accesada por Axel.
INFO 2024-11-25 17:06:17,161 basehttp "GET /inventariosTec/admin_dashboard/ HTTP/1.1" 200 6708
WARNING 2024-11-25 17:06:17,184 basehttp "GET /static/inventariosTec/js/bootstrap.bundle.min.js HTTP/1.1" 404 1937
INFO 2024-11-25 17:06:18,190 decorators Vista 'listar_prestamos_ordenes' accesada por Axel.
INFO 2024-11-25 17:06:18,201 basehttp "GET /inventariosTec/lista_prestamos_ordenes/ HTTP/1.1" 200 6756
WARNING 2024-11-25 17:06:18,234 basehttp "GET /static/inventariosTec/js/bootstrap.bundle.min.js HTTP/1.1" 404 1937
INFO 2024-11-25 17:06:22,624 decorators Vista 'admin_dashboard' accesada por Axel.
INFO 2024-11-25 17:06:22,629 basehttp "GET /inventariosTec/admin_dashboard/ HTTP/1.1" 200 6708
WARNING 2024-11-25 17:06:22,663 basehttp "GET /static/inventariosTec/js/bootstrap.bundle.min.js HTTP/1.1" 404 1937
INFO 2024-11-25 17:08:54,422 decorators Vista 'gestionar_usuarios' accesada por Axel.
INFO 2024-11-25 17:08:54,442 basehttp "GET /inventariosTec/gestionar_usuarios/ HTTP/1.1" 200 14230
WARNING 2024-11-25 17:08:54,473 basehttp "GET /static/inventariosTec/js/bootstrap.bundle.min.js HTTP/1.1" 404 1937
INFO 2024-11-25 17:08:55,337 decorators Vista 'admin_dashboard' accesada por Axel.
INFO 2024-11-25 17:08:55,344 basehttp "GET /inventariosTec/admin_dashboard/ HTTP/1.1" 200 6708
WARNING 2024-11-25 17:08:55,367 basehttp "GET /static/inventariosTec/js/bootstrap.bundle.min.js HTTP/1.1" 404 1937
INFO 2024-11-25 17:08:56,325 decorators Vista 'lista_productos' accesada por Axel.
INFO 2024-11-25 17:08:56,337 basehttp "GET /inventariosTec/lista_productos/ HTTP/1.1" 200 6432
WARNING 2024-11-25 17:08:56,361 basehttp "GET /static/inventariosTec/js/bootstrap.bundle.min.js HTTP/1.1" 404 1937
INFO 2024-11-25 17:08:57,366 decorators Vista 'admin_dashboard' accesada por Axel.
INFO 2024-11-25 17:08:57,384 basehttp "GET /inventariosTec/admin_dashboard/ HTTP/1.1" 200 6708
WARNING 2024-11-25 17:08:57,402 basehttp "GET /static/inventariosTec/js/bootstrap.bundle.min.js HTTP/1.1" 404 1937
INFO 2024-11-25 17:08:59,704 decorators Vista 'listar_prestamos_ordenes' accesada por Axel.
INFO 2024-11-25 17:08:59,721 basehttp "GET /inventariosTec/lista_prestamos_ordenes/ HTTP/1.1" 200 6756
WARNING 2024-11-25 17:08:59,748 basehttp "GET /static/inventariosTec/js/bootstrap.bundle.min.js HTTP/1.1" 404 1937
INFO 2024-11-25 17:09:00,583 decorators Vista 'admin_dashboard' accesada por Axel.
INFO 2024-11-25 17:09:00,593 basehttp "GET /inventariosTec/admin_dashboard/ HTTP/1.1" 200 6708
WARNING 2024-11-25 17:09:00,616 basehttp "GET /static/inventariosTec/js/bootstrap.bundle.min.js HTTP/1.1" 404 1937
INFO 2024-11-25 17:09:01,667 decorators Vista 'gestionar_producto' accesada por Axel.
INFO 2024-11-25 17:09:01,681 basehttp "GET /inventariosTec/gestionar_producto/ HTTP/1.1" 200 12390
WARNING 2024-11-25 17:09:01,700 basehttp "GET /static/inventariosTec/js/bootstrap.bundle.min.js HTTP/1.1" 404 1937
INFO 2024-11-25 17:09:03,060 decorators Vista 'admin_dashboard' accesada por Axel.
INFO 2024-11-25 17:09:03,064 basehttp "GET /inventariosTec/admin_dashboard/ HTTP/1.1" 200 6708
WARNING 2024-11-25 17:09:03,089 basehttp "GET /static/inventariosTec/js/bootstrap.bundle.min.js HTTP/1.1" 404 1937
INFO 2024-11-25 17:09:04,585 decorators Vista 'gestionar_producto' accesada por Axel.
INFO 2024-11-25 17:09:04,602 basehttp "GET /inventariosTec/gestionar_producto/ HTTP/1.1" 200 12390
WARNING 2024-11-25 17:09:04,634 basehttp "GET /static/inventariosTec/js/bootstrap.bundle.min.js HTTP/1.1" 404 1937
INFO 2024-11-25 17:09:05,613 decorators Vista 'admin_dashboard' accesada por Axel.
INFO 2024-11-25 17:09:05,618 basehttp "GET /inventariosTec/admin_dashboard/ HTTP/1.1" 200 6708
WARNING 2024-11-25 17:09:05,641 basehttp "GET /static/inventariosTec/js/bootstrap.bundle.min.js HTTP/1.1" 404 1937
INFO 2024-11-25 17:09:08,470 decorators Vista 'listar_prestamos_ordenes' accesada por Axel.
INFO 2024-11-25 17:09:08,484 basehttp "GET /inventariosTec/lista_prestamos_ordenes/ HTTP/1.1" 200 6756
WARNING 2024-11-25 17:09:08,517 basehttp "GET /static/inventariosTec/js/bootstrap.bundle.min.js HTTP/1.1" 404 1937
INFO 2024-11-25 17:09:09,453 decorators Vista 'admin_dashboard' accesada por Axel.
INFO 2024-11-25 17:09:09,457 basehttp "GET /inventariosTec/admin_dashboard/ HTTP/1.1" 200 6708
WARNING 2024-11-25 17:09:09,487 basehttp "GET /static/inventariosTec/js/bootstrap.bundle.min.js HTTP/1.1" 404 1937
INFO 2024-11-25 17:09:11,768 decorators Vista 'gestionar_usuarios' accesada por Axel.
INFO 2024-11-25 17:09:11,786 basehttp "GET /inventariosTec/gestionar_usuarios/ HTTP/1.1" 200 14230
WARNING 2024-11-25 17:09:11,809 basehttp "GET /static/inventariosTec/js/bootstrap.bundle.min.js HTTP/1.1" 404 1937
INFO 2024-11-25 17:09:12,883 decorators Vista 'admin_dashboard' accesada por Axel.
INFO 2024-11-25 17:09:12,888 basehttp "GET /inventariosTec/admin_dashboard/ HTTP/1.1" 200 6708
WARNING 2024-11-25 17:09:12,909 basehttp "GET /static/inventariosTec/js/bootstrap.bundle.min.js HTTP/1.1" 404 1937
INFO 2024-11-25 17:24:53,480 decorators Vista 'gestionar_usuarios' accesada por Axel.
INFO 2024-11-25 17:24:53,528 basehttp "GET /inventariosTec/gestionar_usuarios/ HTTP/1.1" 200 14230
WARNING 2024-11-25 17:24:53,571 basehttp "GET /static/inventariosTec/js/bootstrap.bundle.min.js HTTP/1.1" 404 1937
INFO 2024-11-25 17:24:54,514 decorators Vista 'admin_dashboard' accesada por Axel.
INFO 2024-11-25 17:24:54,514 basehttp "GET /inventariosTec/admin_dashboard/ HTTP/1.1" 200 6708
WARNING 2024-11-25 17:24:54,554 basehttp "GET /static/inventariosTec/js/bootstrap.bundle.min.js HTTP/1.1" 404 1937
INFO 2024-11-25 17:24:55,321 decorators Vista 'lista_productos' accesada por Axel.
INFO 2024-11-25 17:24:55,336 basehttp "GET /inventariosTec/lista_productos/ HTTP/1.1" 200 6432
WARNING 2024-11-25 17:24:55,368 basehttp "GET /static/inventariosTec/js/bootstrap.bundle.min.js HTTP/1.1" 404 1937
INFO 2024-11-25 17:24:56,163 decorators Vista 'admin_dashboard' accesada por Axel.
INFO 2024-11-25 17:24:56,178 basehttp "GET /inventariosTec/admin_dashboard/ HTTP/1.1" 200 6708
WARNING 2024-11-25 17:24:56,199 basehttp "GET /static/inventariosTec/js/bootstrap.bundle.min.js HTTP/1.1" 404 1937
INFO 2024-11-25 17:24:56,952 decorators Vista 'gestionar_producto' accesada por Axel.
INFO 2024-11-25 17:24:56,974 basehttp "GET /inventariosTec/gestionar_producto/ HTTP/1.1" 200 12390
WARNING 2024-11-25 17:24:57,007 basehttp "GET /static/inventariosTec/js/bootstrap.bundle.min.js HTTP/1.1" 404 1937
INFO 2024-11-25 17:24:59,214 decorators Vista 'admin_dashboard' accesada por Axel.
INFO 2024-11-25 17:24:59,218 basehttp "GET /inventariosTec/admin_dashboard/ HTTP/1.1" 200 6708
WARNING 2024-11-25 17:24:59,244 basehttp "GET /static/inventariosTec/js/bootstrap.bundle.min.js HTTP/1.1" 404 1937
INFO 2024-11-25 17:25:00,753 decorators Vista 'listar_prestamos_ordenes' accesada por Axel.
INFO 2024-11-25 17:25:00,768 basehttp "GET /inventariosTec/lista_prestamos_ordenes/ HTTP/1.1" 200 6756
WARNING 2024-11-25 17:25:00,806 basehttp "GET /static/inventariosTec/js/bootstrap.bundle.min.js HTTP/1.1" 404 1937
INFO 2024-11-25 17:25:04,661 decorators Vista 'admin_dashboard' accesada por Axel.
INFO 2024-11-25 17:25:04,661 basehttp "GET /inventariosTec/admin_dashboard/ HTTP/1.1" 200 6708
WARNING 2024-11-25 17:25:04,707 basehttp "GET /static/inventariosTec/js/bootstrap.bundle.min.js HTTP/1.1" 404 1937
INFO 2024-11-25 17:33:59,108 decorators Vista 'lista_productos' accesada por Axel.
INFO 2024-11-25 17:33:59,118 basehttp "GET /inventariosTec/lista_productos/ HTTP/1.1" 200 6432
WARNING 2024-11-25 17:33:59,148 basehttp "GET /static/inventariosTec/js/bootstrap.bundle.min.js HTTP/1.1" 404 1937
INFO 2024-11-25 17:34:00,361 decorators Vista 'admin_dashboard' accesada por Axel.
INFO 2024-11-25 17:34:00,361 basehttp "GET /inventariosTec/admin_dashboard/ HTTP/1.1" 200 6708
WARNING 2024-11-25 17:34:00,399 basehttp "GET /static/inventariosTec/js/bootstrap.bundle.min.js HTTP/1.1" 404 1937
INFO 2024-11-25 17:34:01,250 decorators Vista 'listar_prestamos_ordenes' accesada por Axel.
INFO 2024-11-25 17:34:01,268 basehttp "GET /inventariosTec/lista_prestamos_ordenes/ HTTP/1.1" 200 6756
WARNING 2024-11-25 17:34:01,298 basehttp "GET /static/inventariosTec/js/bootstrap.bundle.min.js HTTP/1.1" 404 1937
INFO 2024-11-25 17:34:02,336 decorators Vista 'admin_dashboard' accesada por Axel.
INFO 2024-11-25 17:34:02,340 basehttp "GET /inventariosTec/admin_dashboard/ HTTP/1.1" 200 6708
WARNING 2024-11-25 17:34:02,364 basehttp "GET /static/inventariosTec/js/bootstrap.bundle.min.js HTTP/1.1" 404 1937
INFO 2024-11-25 17:34:02,997 decorators Vista 'gestionar_producto' accesada por Axel.
INFO 2024-11-25 17:34:03,009 basehttp "GET /inventariosTec/gestionar_producto/ HTTP/1.1" 200 12390
WARNING 2024-11-25 17:34:03,036 basehttp "GET /static/inventariosTec/js/bootstrap.bundle.min.js HTTP/1.1" 404 1937
INFO 2024-11-25 17:34:04,082 decorators Vista 'admin_dashboard' accesada por Axel.
INFO 2024-11-25 17:34:04,087 basehttp "GET /inventariosTec/admin_dashboard/ HTTP/1.1" 200 6708
WARNING 2024-11-25 17:34:04,108 basehttp "GET /static/inventariosTec/js/bootstrap.bundle.min.js HTTP/1.1" 404 1937
INFO 2024-11-25 17:34:04,780 decorators Vista 'gestionar_usuarios' accesada por Axel.
INFO 2024-11-25 17:34:04,798 basehttp "GET /inventariosTec/gestionar_usuarios/ HTTP/1.1" 200 14230
WARNING 2024-11-25 17:34:04,821 basehttp "GET /static/inventariosTec/js/bootstrap.bundle.min.js HTTP/1.1" 404 1937
INFO 2024-11-25 17:34:06,163 decorators Vista 'admin_dashboard' accesada por Axel.
INFO 2024-11-25 17:34:06,168 basehttp "GET /inventariosTec/admin_dashboard/ HTTP/1.1" 200 6708
WARNING 2024-11-25 17:34:06,187 basehttp "GET /static/inventariosTec/js/bootstrap.bundle.min.js HTTP/1.1" 404 1937
INFO 2024-11-25 17:34:14,199 decorators Vista 'gestionar_usuarios' accesada por Axel.
INFO 2024-11-25 17:34:14,217 basehttp "GET /inventariosTec/gestionar_usuarios/ HTTP/1.1" 200 14230
WARNING 2024-11-25 17:34:14,237 basehttp "GET /static/inventariosTec/js/bootstrap.bundle.min.js HTTP/1.1" 404 1937
INFO 2024-11-25 17:34:16,610 decorators Vista 'admin_dashboard' accesada por Axel.
INFO 2024-11-25 17:34:16,616 basehttp "GET /inventariosTec/admin_dashboard/ HTTP/1.1" 200 6708
WARNING 2024-11-25 17:34:16,639 basehttp "GET /static/inventariosTec/js/bootstrap.bundle.min.js HTTP/1.1" 404 1937
INFO 2024-11-25 17:34:17,699 decorators Vista 'gestionar_producto' accesada por Axel.
INFO 2024-11-25 17:34:17,720 basehttp "GET /inventariosTec/gestionar_producto/ HTTP/1.1" 200 12390
WARNING 2024-11-25 17:34:17,745 basehttp "GET /static/inventariosTec/js/bootstrap.bundle.min.js HTTP/1.1" 404 1937
INFO 2024-11-25 17:34:18,528 decorators Vista 'admin_dashboard' accesada por Axel.
INFO 2024-11-25 17:34:18,533 basehttp "GET /inventariosTec/admin_dashboard/ HTTP/1.1" 200 6708
WARNING 2024-11-25 17:34:18,555 basehttp "GET /static/inventariosTec/js/bootstrap.bundle.min.js HTTP/1.1" 404 1937
INFO 2024-11-25 17:34:19,537 decorators Vista 'listar_prestamos_ordenes' accesada por Axel.
INFO 2024-11-25 17:34:19,549 basehttp "GET /inventariosTec/lista_prestamos_ordenes/ HTTP/1.1" 200 6756
WARNING 2024-11-25 17:34:19,570 basehttp "GET /static/inventariosTec/js/bootstrap.bundle.min.js HTTP/1.1" 404 1937
INFO 2024-11-25 17:34:21,934 decorators Vista 'admin_dashboard' accesada por Axel.
INFO 2024-11-25 17:34:21,939 basehttp "GET /inventariosTec/admin_dashboard/ HTTP/1.1" 200 6708
WARNING 2024-11-25 17:34:21,967 basehttp "GET /static/inventariosTec/js/bootstrap.bundle.min.js HTTP/1.1" 404 1937
INFO 2024-11-25 17:34:23,311 decorators Vista 'lista_productos' accesada por Axel.
INFO 2024-11-25 17:34:23,327 basehttp "GET /inventariosTec/lista_productos/ HTTP/1.1" 200 6432
WARNING 2024-11-25 17:34:23,361 basehttp "GET /static/inventariosTec/js/bootstrap.bundle.min.js HTTP/1.1" 404 1937
INFO 2024-11-25 17:34:24,756 decorators Vista 'admin_dashboard' accesada por Axel.
INFO 2024-11-25 17:34:24,758 basehttp "GET /inventariosTec/admin_dashboard/ HTTP/1.1" 200 6708
WARNING 2024-11-25 17:34:24,786 basehttp "GET /static/inventariosTec/js/bootstrap.bundle.min.js HTTP/1.1" 404 1937
INFO 2024-11-25 17:34:52,878 decorators Vista 'gestionar_usuarios' accesada por Axel.
INFO 2024-11-25 17:34:52,904 basehttp "GET /inventariosTec/gestionar_usuarios/ HTTP/1.1" 200 14230
WARNING 2024-11-25 17:34:52,929 basehttp "GET /static/inventariosTec/js/bootstrap.bundle.min.js HTTP/1.1" 404 1937
INFO 2024-11-25 17:34:53,946 decorators Vista 'admin_dashboard' accesada por Axel.
INFO 2024-11-25 17:34:53,950 basehttp "GET /inventariosTec/admin_dashboard/ HTTP/1.1" 200 6708
WARNING 2024-11-25 17:34:53,971 basehttp "GET /static/inventariosTec/js/bootstrap.bundle.min.js HTTP/1.1" 404 1937
INFO 2024-11-25 17:34:55,606 decorators Vista 'lista_productos' accesada por Axel.
INFO 2024-11-25 17:34:55,617 basehttp "GET /inventariosTec/lista_productos/ HTTP/1.1" 200 6432
WARNING 2024-11-25 17:34:55,642 basehttp "GET /static/inventariosTec/js/bootstrap.bundle.min.js HTTP/1.1" 404 1937
INFO 2024-11-25 17:34:56,680 decorators Vista 'admin_dashboard' accesada por Axel.
INFO 2024-11-25 17:34:56,684 basehttp "GET /inventariosTec/admin_dashboard/ HTTP/1.1" 200 6708
WARNING 2024-11-25 17:34:56,707 basehttp "GET /static/inventariosTec/js/bootstrap.bundle.min.js HTTP/1.1" 404 1937
INFO 2024-11-25 17:34:57,943 basehttp "POST /inventariosTec/logout/ HTTP/1.1" 302 0
INFO 2024-11-25 17:34:57,947 decorators Vista 'login_view' accesada por un usuario anónimo.
INFO 2024-11-25 17:34:57,948 basehttp "GET /inventariosTec/login/ HTTP/1.1" 200 4490
WARNING 2024-11-25 17:34:57,975 basehttp "GET /static/inventariosTec/js/bootstrap.bundle.min.js HTTP/1.1" 404 1937
INFO 2024-11-25 17:35:20,123 decorators Vista 'login_view' accesada por un usuario anónimo.
INFO 2024-11-25 17:35:21,213 basehttp "POST /inventariosTec/login/ HTTP/1.1" 302 0
INFO 2024-11-25 17:35:21,231 decorators Vista 'usuario_basico_dashboard' accesada por Manuel.
INFO 2024-11-25 17:35:21,241 basehttp "GET /inventariosTec/usuario_basico_dashboard/ HTTP/1.1" 200 4672
WARNING 2024-11-25 17:35:21,282 basehttp "GET /static/inventariosTec/js/bootstrap.bundle.min.js HTTP/1.1" 404 1937
INFO 2024-11-25 17:35:23,776 decorators Vista 'historial_prestamos' accesada por Manuel.
INFO 2024-11-25 17:35:23,787 basehttp "GET /inventariosTec/historial_prestamos/ HTTP/1.1" 200 4432
WARNING 2024-11-25 17:35:23,858 basehttp "GET /static/inventariosTec/js/bootstrap.bundle.min.js HTTP/1.1" 404 1937
INFO 2024-11-25 17:35:24,883 decorators Vista 'usuario_basico_dashboard' accesada por Manuel.
INFO 2024-11-25 17:35:24,901 basehttp "GET /inventariosTec/usuario_basico_dashboard/ HTTP/1.1" 200 4672
WARNING 2024-11-25 17:35:24,928 basehttp "GET /static/inventariosTec/js/bootstrap.bundle.min.js HTTP/1.1" 404 1937
INFO 2024-11-25 17:35:25,989 decorators Vista 'historial_prestamos' accesada por Manuel.
INFO 2024-11-25 17:35:25,996 basehttp "GET /inventariosTec/historial_prestamos/ HTTP/1.1" 200 4432
WARNING 2024-11-25 17:35:26,026 basehttp "GET /static/inventariosTec/js/bootstrap.bundle.min.js HTTP/1.1" 404 1937
INFO 2024-11-25 17:35:27,252 decorators Vista 'usuario_basico_dashboard' accesada por Manuel.
INFO 2024-11-25 17:35:27,257 basehttp "GET /inventariosTec/usuario_basico_dashboard/ HTTP/1.1" 200 4672
WARNING 2024-11-25 17:35:27,280 basehttp "GET /static/inventariosTec/js/bootstrap.bundle.min.js HTTP/1.1" 404 1937
INFO 2024-11-25 17:37:38,777 basehttp "GET /admin/ HTTP/1.1" 302 0
INFO 2024-11-25 17:37:39,019 basehttp "GET /admin/login/?next=/admin/ HTTP/1.1" 200 3675
INFO 2024-11-25 17:37:39,043 basehttp "GET /static/admin/css/dark_mode.css HTTP/1.1" 304 0
INFO 2024-11-25 17:37:39,073 basehttp "GET /static/admin/css/base.css HTTP/1.1" 304 0
INFO 2024-11-25 17:37:39,076 basehttp "GET /static/admin/css/nav_sidebar.css HTTP/1.1" 304 0
INFO 2024-11-25 17:37:39,077 basehttp "GET /static/admin/css/responsive.css HTTP/1.1" 304 0
INFO 2024-11-25 17:37:39,096 basehttp "GET /static/admin/css/login.css HTTP/1.1" 304 0
INFO 2024-11-25 17:37:39,099 basehttp "GET /static/admin/js/nav_sidebar.js HTTP/1.1" 304 0
INFO 2024-11-25 17:37:39,099 basehttp "GET /static/admin/js/theme.js HTTP/1.1" 304 0
INFO 2024-11-25 17:37:48,195 basehttp "POST /admin/login/?next=/admin/ HTTP/1.1" 302 0
INFO 2024-11-25 17:37:48,318 basehttp "GET /admin/ HTTP/1.1" 200 15402
INFO 2024-11-25 17:37:48,345 basehttp "GET /static/admin/css/dashboard.css HTTP/1.1" 304 0
INFO 2024-11-25 17:37:48,358 basehttp "GET /static/admin/img/icon-addlink.svg HTTP/1.1" 304 0
INFO 2024-11-25 17:37:48,359 basehttp "GET /static/admin/img/icon-changelink.svg HTTP/1.1" 304 0
INFO 2024-11-25 17:37:56,831 basehttp "GET /admin/auth/user/ HTTP/1.1" 200 17065
INFO 2024-11-25 17:37:56,859 basehttp "GET /static/admin/css/changelists.css HTTP/1.1" 304 0
INFO 2024-11-25 17:37:56,859 basehttp "GET /static/admin/js/jquery.init.js HTTP/1.1" 304 0
INFO 2024-11-25 17:37:56,861 basehttp "GET /static/admin/js/admin/RelatedObjectLookups.js HTTP/1.1" 304 0
INFO 2024-11-25 17:37:56,863 basehttp "GET /static/admin/js/core.js HTTP/1.1" 304 0
INFO 2024-11-25 17:37:56,863 basehttp "GET /static/admin/js/vendor/jquery/jquery.js HTTP/1.1" 304 0
INFO 2024-11-25 17:37:56,871 basehttp "GET /static/admin/js/urlify.js HTTP/1.1" 304 0
INFO 2024-11-25 17:37:56,875 basehttp "GET /static/admin/js/prepopulate.js HTTP/1.1" 304 0
INFO 2024-11-25 17:37:56,878 basehttp "GET /static/admin/js/vendor/xregexp/xregexp.js HTTP/1.1" 304 0
INFO 2024-11-25 17:37:56,880 basehttp "GET /static/admin/js/actions.js HTTP/1.1" 304 0
INFO 2024-11-25 17:37:56,881 basehttp "GET /static/admin/img/search.svg HTTP/1.1" 304 0
INFO 2024-11-25 17:37:56,881 basehttp "GET /static/admin/img/icon-yes.svg HTTP/1.1" 304 0
INFO 2024-11-25 17:37:56,898 basehttp "GET /static/admin/img/icon-no.svg HTTP/1.1" 304 0
INFO 2024-11-25 17:37:56,914 basehttp "GET /static/admin/js/filters.js HTTP/1.1" 304 0
INFO 2024-11-25 17:37:56,959 basehttp "GET /admin/jsi18n/ HTTP/1.1" 200 3342
INFO 2024-11-25 17:37:57,024 basehttp "GET /static/admin/img/tooltag-add.svg HTTP/1.1" 304 0
INFO 2024-11-25 17:37:57,027 basehttp "GET /static/admin/img/sorting-icons.svg HTTP/1.1" 304 0
INFO 2024-11-25 17:37:57,030 basehttp "GET /static/admin/img/icon-viewlink.svg HTTP/1.1" 304 0
INFO 2024-11-25 17:37:59,213 basehttp "GET /admin/auth/user/3/change/ HTTP/1.1" 200 28181
INFO 2024-11-25 17:37:59,239 basehttp "GET /static/admin/js/calendar.js HTTP/1.1" 304 0
INFO 2024-11-25 17:37:59,239 basehttp "GET /static/admin/css/forms.css HTTP/1.1" 304 0
INFO 2024-11-25 17:37:59,244 basehttp "GET /static/admin/js/admin/DateTimeShortcuts.js HTTP/1.1" 304 0
INFO 2024-11-25 17:37:59,245 basehttp "GET /static/admin/js/SelectBox.js HTTP/1.1" 304 0
INFO 2024-11-25 17:37:59,246 basehttp "GET /static/admin/js/SelectFilter2.js HTTP/1.1" 304 0
INFO 2024-11-25 17:37:59,260 basehttp "GET /static/admin/js/prepopulate_init.js HTTP/1.1" 304 0
INFO 2024-11-25 17:37:59,262 basehttp "GET /static/admin/css/widgets.css HTTP/1.1" 304 0
INFO 2024-11-25 17:37:59,264 basehttp "GET /static/admin/js/change_form.js HTTP/1.1" 304 0
INFO 2024-11-25 17:37:59,279 basehttp "GET /admin/jsi18n/ HTTP/1.1" 200 3342
INFO 2024-11-25 17:37:59,342 basehttp "GET /static/admin/img/icon-unknown.svg HTTP/1.1" 304 0
INFO 2024-11-25 17:37:59,355 basehttp "GET /static/admin/img/icon-clock.svg HTTP/1.1" 304 0
INFO 2024-11-25 17:37:59,355 basehttp "GET /static/admin/img/icon-calendar.svg HTTP/1.1" 304 0
INFO 2024-11-25 17:37:59,355 basehttp "GET /static/admin/img/icon-unknown-alt.svg HTTP/1.1" 304 0
INFO 2024-11-25 17:37:59,355 basehttp "GET /static/admin/img/selector-icons.svg HTTP/1.1" 304 0
INFO 2024-11-25 17:38:43,770 basehttp "POST /admin/auth/user/3/change/ HTTP/1.1" 302 0
INFO 2024-11-25 17:38:43,810 basehttp "GET /admin/auth/user/ HTTP/1.1" 200 17277
INFO 2024-11-25 17:38:43,858 basehttp "GET /admin/jsi18n/ HTTP/1.1" 200 3342
INFO 2024-11-25 17:38:45,894 decorators Vista 'usuario_basico_dashboard' accesada por Axel.
INFO 2024-11-25 17:38:45,905 basehttp "GET /inventariosTec/usuario_basico_dashboard/ HTTP/1.1" 302 0
INFO 2024-11-25 17:38:45,920 decorators Vista 'no_autorizado' accesada por Axel.
INFO 2024-11-25 17:38:45,925 basehttp "GET /inventariosTec/no_autorizado/ HTTP/1.1" 200 3629
WARNING 2024-11-25 17:38:45,953 basehttp "GET /static/inventariosTec/js/bootstrap.bundle.min.js HTTP/1.1" 404 1937
INFO 2024-11-25 17:38:47,597 decorators Vista 'no_autorizado' accesada por Axel.
INFO 2024-11-25 17:38:47,601 basehttp "GET /inventariosTec/no_autorizado/ HTTP/1.1" 200 3345
WARNING 2024-11-25 17:38:47,612 basehttp "GET /static/inventariosTec/js/bootstrap.bundle.min.js HTTP/1.1" 404 1937
INFO 2024-11-25 17:38:48,336 decorators Vista 'no_autorizado' accesada por Axel.
INFO 2024-11-25 17:38:48,342 basehttp "GET /inventariosTec/no_autorizado/ HTTP/1.1" 200 3345
WARNING 2024-11-25 17:38:48,364 basehttp "GET /static/inventariosTec/js/bootstrap.bundle.min.js HTTP/1.1" 404 1937
INFO 2024-11-25 17:38:49,554 decorators Vista 'no_autorizado' accesada por Axel.
INFO 2024-11-25 17:38:49,554 basehttp "GET /inventariosTec/no_autorizado/ HTTP/1.1" 200 3345
WARNING 2024-11-25 17:38:49,577 basehttp "GET /static/inventariosTec/js/bootstrap.bundle.min.js HTTP/1.1" 404 1937
INFO 2024-11-25 17:39:01,329 decorators Vista 'admin_dashboard' accesada por Axel.
INFO 2024-11-25 17:39:01,333 basehttp "GET /inventariosTec/admin_dashboard/ HTTP/1.1" 200 6708
WARNING 2024-11-25 17:39:01,357 basehttp "GET /static/inventariosTec/js/bootstrap.bundle.min.js HTTP/1.1" 404 1937
INFO 2024-11-25 17:39:02,834 basehttp "POST /inventariosTec/logout/ HTTP/1.1" 302 0
INFO 2024-11-25 17:39:02,837 decorators Vista 'login_view' accesada por un usuario anónimo.
INFO 2024-11-25 17:39:02,840 basehttp "GET /inventariosTec/login/ HTTP/1.1" 200 4490
WARNING 2024-11-25 17:39:02,862 basehttp "GET /static/inventariosTec/js/bootstrap.bundle.min.js HTTP/1.1" 404 1937
INFO 2024-11-25 17:39:33,689 decorators Vista 'login_view' accesada por un usuario anónimo.
INFO 2024-11-25 17:39:34,670 basehttp "POST /inventariosTec/login/ HTTP/1.1" 302 0
INFO 2024-11-25 17:39:34,686 decorators Vista 'usuario_basico_dashboard' accesada por Manuel.
INFO 2024-11-25 17:39:34,691 basehttp "GET /inventariosTec/usuario_basico_dashboard/ HTTP/1.1" 200 4693
WARNING 2024-11-25 17:39:34,713 basehttp "GET /static/inventariosTec/js/bootstrap.bundle.min.js HTTP/1.1" 404 1937
INFO 2024-11-25 17:39:37,408 decorators Vista 'historial_prestamos' accesada por Manuel.
INFO 2024-11-25 17:39:37,416 basehttp "GET /inventariosTec/historial_prestamos/ HTTP/1.1" 200 4432
WARNING 2024-11-25 17:39:37,441 basehttp "GET /static/inventariosTec/js/bootstrap.bundle.min.js HTTP/1.1" 404 1937
INFO 2024-11-25 17:39:40,487 decorators Vista 'historial_prestamos' accesada por Manuel.
INFO 2024-11-25 17:39:40,504 basehttp "GET /inventariosTec/historial_prestamos/ HTTP/1.1" 200 4432
WARNING 2024-11-25 17:39:40,529 basehttp "GET /static/inventariosTec/js/bootstrap.bundle.min.js HTTP/1.1" 404 1937
WARNING 2024-11-25 17:45:57,808 log Forbidden (CSRF token from POST incorrect.): /inventariosTec/login/
WARNING 2024-11-25 17:45:57,808 basehttp "POST /inventariosTec/login/ HTTP/1.1" 403 2503
INFO 2024-11-25 17:46:00,838 decorators Vista 'login_view' accesada por Manuel.
INFO 2024-11-25 17:46:00,842 basehttp "GET /inventariosTec/login/ HTTP/1.1" 200 5088
WARNING 2024-11-25 17:46:00,867 basehttp "GET /static/inventariosTec/js/bootstrap.bundle.min.js HTTP/1.1" 404 1937
INFO 2024-11-25 17:46:07,106 decorators Vista 'login_view' accesada por Manuel.
INFO 2024-11-25 17:46:08,082 basehttp "POST /inventariosTec/login/ HTTP/1.1" 302 0
INFO 2024-11-25 17:46:08,100 decorators Vista 'admin_dashboard' accesada por Axel.
INFO 2024-11-25 17:46:08,106 basehttp "GET /inventariosTec/admin_dashboard/ HTTP/1.1" 200 6708
WARNING 2024-11-25 17:46:08,137 basehttp "GET /static/inventariosTec/js/bootstrap.bundle.min.js HTTP/1.1" 404 1937
INFO 2024-11-25 17:46:14,188 decorators Vista 'gestionar_usuarios' accesada por Axel.
INFO 2024-11-25 17:46:14,205 basehttp "GET /inventariosTec/gestionar_usuarios/ HTTP/1.1" 200 14230
WARNING 2024-11-25 17:46:14,238 basehttp "GET /static/inventariosTec/js/bootstrap.bundle.min.js HTTP/1.1" 404 1937
INFO 2024-11-25 17:46:19,837 decorators Vista 'admin_dashboard' accesada por Axel.
INFO 2024-11-25 17:46:19,842 basehttp "GET /inventariosTec/admin_dashboard/ HTTP/1.1" 200 6708
WARNING 2024-11-25 17:46:19,859 basehttp "GET /static/inventariosTec/js/bootstrap.bundle.min.js HTTP/1.1" 404 1937
INFO 2024-11-25 17:46:24,325 decorators Vista 'listar_prestamos_ordenes' accesada por Axel.
INFO 2024-11-25 17:46:24,339 basehttp "GET /inventariosTec/lista_prestamos_ordenes/ HTTP/1.1" 200 6756
WARNING 2024-11-25 17:46:24,370 basehttp "GET /static/inventariosTec/js/bootstrap.bundle.min.js HTTP/1.1" 404 1937
INFO 2024-11-26 15:02:01,694 autoreload Watching for file changes with StatReloader
INFO 2024-11-26 15:02:53,760 decorators Vista 'home_view' accesada por un usuario anónimo.
INFO 2024-11-26 15:02:53,900 basehttp "GET /inventariosTec/ HTTP/1.1" 200 2958
INFO 2024-11-26 15:02:53,947 basehttp "GET /static/inventariosTec/css/styles.css HTTP/1.1" 304 0
WARNING 2024-11-26 15:02:53,994 basehttp "GET /static/inventariosTec/js/bootstrap.bundle.min.js HTTP/1.1" 404 1937
INFO 2024-11-26 15:02:54,025 basehttp "GET /static/inventariosTec/img/LOGO_TECNM_BLANCO-1536x656.png HTTP/1.1" 304 0
WARNING 2024-11-26 15:02:54,323 log Not Found: /favicon.ico
WARNING 2024-11-26 15:02:54,323 basehttp "GET /favicon.ico HTTP/1.1" 404 2515
INFO 2024-11-26 15:03:08,777 decorators Vista 'login_view' accesada por un usuario anónimo.
INFO 2024-11-26 15:03:08,808 basehttp "GET /inventariosTec/login/ HTTP/1.1" 200 4490
WARNING 2024-11-26 15:03:08,839 basehttp "GET /static/inventariosTec/js/bootstrap.bundle.min.js HTTP/1.1" 404 1937
INFO 2024-11-26 15:03:08,855 basehttp "GET /static/inventariosTec/img/Logo-TecNM.png HTTP/1.1" 304 0
INFO 2024-11-26 15:03:47,958 decorators Vista 'login_view' accesada por un usuario anónimo.
INFO 2024-11-26 15:03:49,146 basehttp "POST /inventariosTec/login/ HTTP/1.1" 302 0
INFO 2024-11-26 15:03:49,161 decorators Vista 'admin_dashboard' accesada por Axel.
INFO 2024-11-26 15:03:49,177 basehttp "GET /inventariosTec/admin_dashboard/ HTTP/1.1" 200 6708
INFO 2024-11-26 15:03:49,208 basehttp "GET /static/inventariosTec/img/grupos-de-usuarios.png HTTP/1.1" 304 0
INFO 2024-11-26 15:03:49,208 basehttp "GET /static/inventariosTec/img/ListaProducto.png HTTP/1.1" 304 0
INFO 2024-11-26 15:03:49,239 basehttp "GET /static/inventariosTec/img/GestionarProductos.png HTTP/1.1" 304 0
WARNING 2024-11-26 15:03:49,255 basehttp "GET /static/inventariosTec/js/bootstrap.bundle.min.js HTTP/1.1" 404 1937
INFO 2024-11-26 15:03:49,255 basehttp "GET /static/inventariosTec/img/pngwing.com%20(1).png HTTP/1.1" 304 0
INFO 2024-11-26 15:03:52,124 decorators Vista 'gestionar_usuarios' accesada por Axel.
INFO 2024-11-26 15:03:52,171 basehttp "GET /inventariosTec/gestionar_usuarios/ HTTP/1.1" 200 14230
WARNING 2024-11-26 15:03:52,187 basehttp "GET /static/inventariosTec/js/bootstrap.bundle.min.js HTTP/1.1" 404 1937
INFO 2024-11-26 15:03:55,985 decorators Vista 'admin_dashboard' accesada por Axel.
INFO 2024-11-26 15:03:55,985 basehttp "GET /inventariosTec/admin_dashboard/ HTTP/1.1" 200 6708
WARNING 2024-11-26 15:03:56,001 basehttp "GET /static/inventariosTec/js/bootstrap.bundle.min.js HTTP/1.1" 404 1937
INFO 2024-11-26 15:03:56,985 decorators Vista 'lista_productos' accesada por Axel.
INFO 2024-11-26 15:03:57,032 basehttp "GET /inventariosTec/lista_productos/ HTTP/1.1" 200 6432
WARNING 2024-11-26 15:03:57,079 basehttp "GET /static/inventariosTec/js/bootstrap.bundle.min.js HTTP/1.1" 404 1937
INFO 2024-11-26 15:03:58,189 decorators Vista 'admin_dashboard' accesada por Axel.
INFO 2024-11-26 15:03:58,189 basehttp "GET /inventariosTec/admin_dashboard/ HTTP/1.1" 200 6708
WARNING 2024-11-26 15:03:58,221 basehttp "GET /static/inventariosTec/js/bootstrap.bundle.min.js HTTP/1.1" 404 1937
INFO 2024-11-26 15:03:59,237 decorators Vista 'listar_prestamos_ordenes' accesada por Axel.
INFO 2024-11-26 15:03:59,268 basehttp "GET /inventariosTec/lista_prestamos_ordenes/ HTTP/1.1" 200 6756
INFO 2024-11-26 15:03:59,299 basehttp "GET /static/inventariosTec/img/crearprestamo.png HTTP/1.1" 304 0
WARNING 2024-11-26 15:03:59,315 basehttp "GET /static/inventariosTec/js/bootstrap.bundle.min.js HTTP/1.1" 404 1937
INFO 2024-11-26 15:04:00,330 decorators Vista 'admin_dashboard' accesada por Axel.
INFO 2024-11-26 15:04:00,330 basehttp "GET /inventariosTec/admin_dashboard/ HTTP/1.1" 200 6708
WARNING 2024-11-26 15:04:00,378 basehttp "GET /static/inventariosTec/js/bootstrap.bundle.min.js HTTP/1.1" 404 1937
INFO 2024-11-26 15:04:01,253 decorators Vista 'gestionar_producto' accesada por Axel.
INFO 2024-11-26 15:04:01,456 basehttp "GET /inventariosTec/gestionar_producto/ HTTP/1.1" 200 12390
WARNING 2024-11-26 15:04:01,487 basehttp "GET /static/inventariosTec/js/bootstrap.bundle.min.js HTTP/1.1" 404 1937
INFO 2024-11-26 15:04:02,519 decorators Vista 'admin_dashboard' accesada por Axel.
INFO 2024-11-26 15:04:02,534 basehttp "GET /inventariosTec/admin_dashboard/ HTTP/1.1" 200 6708
WARNING 2024-11-26 15:04:02,550 basehttp "GET /static/inventariosTec/js/bootstrap.bundle.min.js HTTP/1.1" 404 1937
INFO 2024-11-26 15:04:05,451 basehttp "POST /inventariosTec/logout/ HTTP/1.1" 302 0
INFO 2024-11-26 15:04:05,451 decorators Vista 'login_view' accesada por un usuario anónimo.
INFO 2024-11-26 15:04:05,451 basehttp "GET /inventariosTec/login/ HTTP/1.1" 200 4490
WARNING 2024-11-26 15:04:05,497 basehttp "GET /static/inventariosTec/js/bootstrap.bundle.min.js HTTP/1.1" 404 1937
INFO 2024-11-26 15:36:52,414 decorators Vista 'login_view' accesada por un usuario anónimo.
INFO 2024-11-26 15:36:53,471 basehttp "POST /inventariosTec/login/ HTTP/1.1" 302 0
INFO 2024-11-26 15:36:53,502 decorators Vista 'admin_dashboard' accesada por Axel.
INFO 2024-11-26 15:36:53,502 basehttp "GET /inventariosTec/admin_dashboard/ HTTP/1.1" 200 6708
WARNING 2024-11-26 15:36:53,549 basehttp "GET /static/inventariosTec/js/bootstrap.bundle.min.js HTTP/1.1" 404 1937
